# JRE version: OpenJDK Runtime Environment (8.0_242) (build 1.8.0_242-release-1644-b3-6222593)
# Java VM: OpenJDK 64-Bit Server VM (25.242-b3-6222593 mixed mode linux-amd64 compressed oops)
Heap:
 PSYoungGen      total 511488K, used 490510K [0x00000000d5580000, 0x00000000f7b00000, 0x0000000100000000)
  eden space 483328K, 95% used [0x00000000d5580000,0x00000000f1934340,0x00000000f2d80000)
  from space 28160K, 99% used [0x00000000f5f80000,0x00000000f7acf5d8,0x00000000f7b00000)
  to   space 38912K, 0% used [0x00000000f2f00000,0x00000000f2f00000,0x00000000f5500000)
 ParOldGen       total 250880K, used 72431K [0x0000000080000000, 0x000000008f500000, 0x00000000d5580000)
  object space 250880K, 28% used [0x0000000080000000,0x00000000846bbca8,0x000000008f500000)
 Metaspace       used 108934K, capacity 115844K, committed 115916K, reserved 1148928K
  class space    used 14462K, capacity 15808K, committed 15872K, reserved 1048576K
GC Heap History (10 events):
Event: 20.727 GC heap before
{Heap before GC invocations=14 (full 3):
 PSYoungGen      total 376320K, used 376295K [0x00000000d5580000, 0x00000000ee500000, 0x0000000100000000)
  eden space 351744K, 100% used [0x00000000d5580000,0x00000000ead00000,0x00000000ead00000)
  from space 24576K, 99% used [0x00000000ec980000,0x00000000ee179c38,0x00000000ee180000)
  to   space 28672K, 0% used [0x00000000ead00000,0x00000000ead00000,0x00000000ec900000)
 ParOldGen       total 168448K, used 45622K [0x0000000080000000, 0x000000008a480000, 0x00000000d5580000)
  object space 168448K, 27% used [0x0000000080000000,0x0000000082c8d8c0,0x000000008a480000)
 Metaspace       used 89470K, capacity 93796K, committed 94168K, reserved 1130496K
  class space    used 12069K, capacity 12950K, committed 13056K, reserved 1048576K
Event: 20.828 GC heap after
Heap after GC invocations=14 (full 3):
 PSYoungGen      total 380416K, used 28657K [0x00000000d5580000, 0x00000000f4a80000, 0x0000000100000000)
  eden space 351744K, 0% used [0x00000000d5580000,0x00000000d5580000,0x00000000ead00000)
  from space 28672K, 99% used [0x00000000ead00000,0x00000000ec8fc418,0x00000000ec900000)
  to   space 40448K, 0% used [0x00000000f2300000,0x00000000f2300000,0x00000000f4a80000)
 ParOldGen       total 168448K, used 66304K [0x0000000080000000, 0x000000008a480000, 0x00000000d5580000)
  object space 168448K, 39% used [0x0000000080000000,0x00000000840c00e8,0x000000008a480000)
 Metaspace       used 89470K, capacity 93796K, committed 94168K, reserved 1130496K
  class space    used 12069K, capacity 12950K, committed 13056K, reserved 1048576K
}
Event: 1245.627 GC heap before
{Heap before GC invocations=15 (full 3):
 PSYoungGen      total 380416K, used 243899K [0x00000000d5580000, 0x00000000f4a80000, 0x0000000100000000)
  eden space 351744K, 61% used [0x00000000d5580000,0x00000000e27b29c0,0x00000000ead00000)
  from space 28672K, 99% used [0x00000000ead00000,0x00000000ec8fc418,0x00000000ec900000)
  to   space 40448K, 0% used [0x00000000f2300000,0x00000000f2300000,0x00000000f4a80000)
 ParOldGen       total 168448K, used 66304K [0x0000000080000000, 0x000000008a480000, 0x00000000d5580000)
  object space 168448K, 39% used [0x0000000080000000,0x00000000840c00e8,0x000000008a480000)
 Metaspace       used 93406K, capacity 98308K, committed 98380K, reserved 1134592K
  class space    used 12365K, capacity 13371K, committed 13440K, reserved 1048576K
Event: 1245.676 GC heap after
Heap after GC invocations=15 (full 3):
 PSYoungGen      total 441856K, used 18711K [0x00000000d5580000, 0x00000000f3a00000, 0x0000000100000000)
  eden space 418304K, 0% used [0x00000000d5580000,0x00000000d5580000,0x00000000eee00000)
  from space 23552K, 79% used [0x00000000f2300000,0x00000000f3545cb8,0x00000000f3a00000)
  to   space 38912K, 0% used [0x00000000eee00000,0x00000000eee00000,0x00000000f1400000)
 ParOldGen       total 168448K, used 86760K [0x0000000080000000, 0x000000008a480000, 0x00000000d5580000)
  object space 168448K, 51% used [0x0000000080000000,0x00000000854ba018,0x000000008a480000)
 Metaspace       used 93406K, capacity 98308K, committed 98380K, reserved 1134592K
  class space    used 12365K, capacity 13371K, committed 13440K, reserved 1048576K
}
Event: 1245.676 GC heap before
{Heap before GC invocations=16 (full 4):
 PSYoungGen      total 441856K, used 18711K [0x00000000d5580000, 0x00000000f3a00000, 0x0000000100000000)
  eden space 418304K, 0% used [0x00000000d5580000,0x00000000d5580000,0x00000000eee00000)
  from space 23552K, 79% used [0x00000000f2300000,0x00000000f3545cb8,0x00000000f3a00000)
  to   space 38912K, 0% used [0x00000000eee00000,0x00000000eee00000,0x00000000f1400000)
 ParOldGen       total 168448K, used 86760K [0x0000000080000000, 0x000000008a480000, 0x00000000d5580000)
  object space 168448K, 51% used [0x0000000080000000,0x00000000854ba018,0x000000008a480000)
 Metaspace       used 93406K, capacity 98308K, committed 98380K, reserved 1134592K
  class space    used 12365K, capacity 13371K, committed 13440K, reserved 1048576K
Event: 1246.006 GC heap after
Heap after GC invocations=16 (full 4):
 PSYoungGen      total 441856K, used 0K [0x00000000d5580000, 0x00000000f3a00000, 0x0000000100000000)
  eden space 418304K, 0% used [0x00000000d5580000,0x00000000d5580000,0x00000000eee00000)
  from space 23552K, 0% used [0x00000000f2300000,0x00000000f2300000,0x00000000f3a00000)
  to   space 38912K, 0% used [0x00000000eee00000,0x00000000eee00000,0x00000000f1400000)
 ParOldGen       total 250880K, used 72423K [0x0000000080000000, 0x000000008f500000, 0x00000000d5580000)
  object space 250880K, 28% used [0x0000000080000000,0x00000000846b9ca8,0x000000008f500000)
 Metaspace       used 93270K, capacity 97910K, committed 98380K, reserved 1134592K
  class space    used 12322K, capacity 13276K, committed 13440K, reserved 1048576K
}
Event: 1923.719 GC heap before
{Heap before GC invocations=17 (full 4):
 PSYoungGen      total 441856K, used 418304K [0x00000000d5580000, 0x00000000f3a00000, 0x0000000100000000)
  eden space 418304K, 100% used [0x00000000d5580000,0x00000000eee00000,0x00000000eee00000)
  from space 23552K, 0% used [0x00000000f2300000,0x00000000f2300000,0x00000000f3a00000)
  to   space 38912K, 0% used [0x00000000eee00000,0x00000000eee00000,0x00000000f1400000)
 ParOldGen       total 250880K, used 72423K [0x0000000080000000, 0x000000008f500000, 0x00000000d5580000)
  object space 250880K, 28% used [0x0000000080000000,0x00000000846b9ca8,0x000000008f500000)
 Metaspace       used 94555K, capacity 99622K, committed 99788K, reserved 1136640K
  class space    used 12424K, capacity 13456K, committed 13568K, reserved 1048576K
Event: 1923.812 GC heap after
Heap after GC invocations=17 (full 4):
 PSYoungGen      total 457216K, used 15238K [0x00000000d5580000, 0x00000000f8380000, 0x0000000100000000)
  eden space 418304K, 0% used [0x00000000d5580000,0x00000000d5580000,0x00000000eee00000)
  from space 38912K, 39% used [0x00000000eee00000,0x00000000efce1910,0x00000000f1400000)
  to   space 36864K, 0% used [0x00000000f5f80000,0x00000000f5f80000,0x00000000f8380000)
 ParOldGen       total 250880K, used 72431K [0x0000000080000000, 0x000000008f500000, 0x00000000d5580000)
  object space 250880K, 28% used [0x0000000080000000,0x00000000846bbca8,0x000000008f500000)
 Metaspace       used 94555K, capacity 99622K, committed 99788K, reserved 1136640K
  class space    used 12424K, capacity 13456K, committed 13568K, reserved 1048576K
}
Event: 2083.779 GC heap before
{Heap before GC invocations=18 (full 4):
 PSYoungGen      total 457216K, used 433542K [0x00000000d5580000, 0x00000000f8380000, 0x0000000100000000)
  eden space 418304K, 100% used [0x00000000d5580000,0x00000000eee00000,0x00000000eee00000)
  from space 38912K, 39% used [0x00000000eee00000,0x00000000efce1910,0x00000000f1400000)
  to   space 36864K, 0% used [0x00000000f5f80000,0x00000000f5f80000,0x00000000f8380000)
 ParOldGen       total 250880K, used 72431K [0x0000000080000000, 0x000000008f500000, 0x00000000d5580000)
  object space 250880K, 28% used [0x0000000080000000,0x00000000846bbca8,0x000000008f500000)
 Metaspace       used 95439K, capacity 101094K, committed 101324K, reserved 1136640K
  class space    used 12529K, capacity 13698K, committed 13824K, reserved 1048576K
Event: 2083.879 GC heap after
Heap after GC invocations=18 (full 4):
 PSYoungGen      total 511488K, used 27965K [0x00000000d5580000, 0x00000000f7b00000, 0x0000000100000000)
  eden space 483328K, 0% used [0x00000000d5580000,0x00000000d5580000,0x00000000f2d80000)
  from space 28160K, 99% used [0x00000000f5f80000,0x00000000f7acf5d8,0x00000000f7b00000)
  to   space 38912K, 0% used [0x00000000f2f00000,0x00000000f2f00000,0x00000000f5500000)
 ParOldGen       total 250880K, used 72431K [0x0000000080000000, 0x000000008f500000, 0x00000000d5580000)
  object space 250880K, 28% used [0x0000000080000000,0x00000000846bbca8,0x000000008f500000)
 Metaspace       used 95439K, capacity 101094K, committed 101324K, reserved 1136640K
  class space    used 12529K, capacity 13698K, committed 13824K, reserved 1048576K
}

